Drill report for /Users/yujimac/ownCloud/KiCad/Shimonso-IoT-Type-R/Shimonso-IoT-Type-R.kicad_pcb
Created on 2016年08月10日水曜日 14:12:49

Copper Layer Stackup:
    =============================================================
    L1 :  F.Cu                      front
    L2 :  In1.Cu                    inner1
    L3 :  In2.Cu                    inner2
    L4 :  B.Cu                      back


Drill file 'Shimonso-IoT-Type-R.drl' contains
    plated through holes:
    =============================================================
    T1  0.40mm  0.016"  (210 holes)
    T2  0.50mm  0.020"  (2 holes)  (with 2 slots)
    T3  0.55mm  0.022"  (2 holes)  (with 2 slots)
    T4  0.76mm  0.030"  (40 holes)
    T5  1.02mm  0.040"  (6 holes)

    Total plated holes count 260


Drill file 'Shimonso-IoT-Type-R-NPTH.drl' contains
    unplated through holes:
    =============================================================

    Total unplated holes count 0
